1566548603800	mozrunner::runner	INFO	Running command: "C:\\robot\\app\\FirefoxPortable\\App\\Firefox\\firefox.exe" "-marionette" "-foreground" "-no-remote" "-profile" "C:\\Users\\YP71E45N\\AppData\\Local\\Temp\\rust_mozprofile.Zpx7q8eb0fVv"
1566548604652	addons.webextension.screenshots@mozilla.org	WARN	Loading extension 'screenshots@mozilla.org': Reading manifest: Invalid extension permission: mozillaAddons
1566548604653	addons.webextension.screenshots@mozilla.org	WARN	Loading extension 'screenshots@mozilla.org': Reading manifest: Invalid extension permission: resource://pdf.js/
1566548604653	addons.webextension.screenshots@mozilla.org	WARN	Loading extension 'screenshots@mozilla.org': Reading manifest: Invalid extension permission: about:reader*
1566548608768	Marionette	INFO	Listening on port 61216
1566548609235	Marionette	WARN	TLS certificate errors will be ignored for this session
JavaScript error: https://mco-admin.mysi.gate-noe.enedis.fr/OI_MSI/build/scripts.js?v=MySI%202.31.20190821, line 1: NS_ERROR_NOT_INITIALIZED: 
console.error: BroadcastService: 
  receivedBroadcastMessage: handler for
  remote-settings/monitor_changes
  threw error:
  Message: Error: Polling for changes failed: http://%(server)s/dummy/blocklist//buckets/monitor/collections/changes/records?_expected=%221566522339063%22 is not a valid URL..
  Stack:
    remoteSettingsFunction/remoteSettings.pollChanges@resource://services-settings/remote-settings.js:203:13

1566548685793	Marionette	WARN	TimedPromise timed out after 500 ms: stacktrace:
bail@chrome://marionette/content/sync.js:223:64
1566548687614	Marionette	WARN	TimedPromise timed out after 500 ms: stacktrace:
bail@chrome://marionette/content/sync.js:223:64
1566548711032	Marionette	INFO	Stopped listening on port 61216
[Child 176, Chrome_ChildThread] WARNING: pipe error: 109: file z:/task_1558039115/build/src/ipc/chromium/src/chrome/common/ipc_channel[_Cwhiinl.dc c7,6 2l8i,n eC h3r41
ome_ChildThread] WARNING: pipe error: 109: file z:/task_1558039115/build/src/ipc/chromium/src/chrome/common/ipc_channel_win.cc, line 341
[Child 7628, Chrome_ChildT[GPU 11252, Chrome_ChildThre
###!!! [Child][MessageChannel::SendAndWait] Error: Channel error: cannot send/recv

