1563365683567	mozrunner::runner	INFO	Running command: "C:\\Users\\Public\\Documents\\app\\FirefoxPortable\\App\\Firefox\\firefox.exe" "-marionette" "-foreground" "-no-remote" "-profile" "C:\\Users\\YP71E45N\\AppData\\Local\\Temp\\rust_mozprofile.31D9ZVxMy44o"
1563365684368	addons.webextension.screenshots@mozilla.org	WARN	Loading extension 'screenshots@mozilla.org': Reading manifest: Invalid extension permission: mozillaAddons
1563365684369	addons.webextension.screenshots@mozilla.org	WARN	Loading extension 'screenshots@mozilla.org': Reading manifest: Invalid extension permission: resource://pdf.js/
1563365684370	addons.webextension.screenshots@mozilla.org	WARN	Loading extension 'screenshots@mozilla.org': Reading manifest: Invalid extension permission: about:reader*
1563365688042	Marionette	INFO	Listening on port 63276
1563365688683	Marionette	WARN	TLS certificate errors will be ignored for this session
1563365716271	Marionette	INFO	Stopped listening on port 63276
[Child 9752, Chrome_ChildThread] WARNING: pipe error: 109: file z:/task_1558039115/build/src/ipc/chromium/src/chrome/common/ipc_channel_win.cc, line 341
[Child 9752, Chrome_ChildThread] WARNING: pipe error: 109: file z:/task_1558039115/build/src/ipc/chromium/src/chrome/common/ipc_channel_win.cc, line 341

###!!! [Child][RunMessage] Error: Channel closing: too late to send/recv, messages will be lost


###!!! [Child][MessageChannel::SendAndWait] Error: Channel error: cannot send/recv

alid extension permission: resource://pdf.js/
1563365698788	addons.webextension.screenshots@mozilla.org	WARN	Loading extension 'screenshots@mozilla.org': Reading manifest: Invalid extension permission: about:reader*
1563365702798	Marionette	INFO	Listening on port 63354
1563365703032	Marionette	WARN	TLS certificate errors will be ignored for this session
1563365710364	Marionette	WARN	TimedPromise timed out after 0 ms: stacktrace:
bail@chrome://marionette/content/sync.js:223:64
1563365710367	Marionette	WARN	TimedPromise timed out after 0 ms: stacktrace:
bail@chrome://marionette/content/sync.js:223:64
1563365718791	Marionette	INFO	Stopped listening on port 63354
[Parent 3672, Gecko_IOThread] WARNING: pipe error: 109: file z:/task_1558039115/build/src/ipc/chromium/src/chrome/common/ipc_channel_win.cc, line 341
[Parent 3672, Gecko_IOThread] WARNING: pipe error: 109: file z:/task_1558039115/build/src/ipc/chromium/src/chrome/common/ipc_channel_win.cc, line 341
[Child 12832, Chrome_ChildThread] WARNING: pipe error: 109: file z:/task_1558039115/build/src/ipc/chromium/src/chrome/common/ipc_channel_win.cc, line 341
[Child 12832, Chrome_ChildThread] WARNING: pipe e[GPU 45
###!!! [Child][RunMessage] Error: Channel closing: too late to send/recv, messages will be lost

64, Chrom
###!!! [Child][MessageChannel::SendAndWait] Error: Channel error: cannot send/recv

